<?xml version="1.0" encoding="UTF-8"?>
<!-- Generated by org.testng.reporters.JUnitXMLReporter -->
<testsuite ignored="0" hostname="RG" failures="1" tests="3" name="Dependency Test" time="0.01" errors="0" timestamp="26 Feb 2024 16:32:45 GMT">
  <testcase classname="testnglearning8.testcase3" name="userRegTest" time="0.003">
    <failure type="java.lang.AssertionError" message="User registeration not successful">
      <![CDATA[java.lang.AssertionError: User registeration not successful
at testnglearning8.testcase3.userRegTest(testcase3.java:13)
... Removed 26 stack frames]]>
    </failure>
  </testcase> <!-- userRegTest -->
  <testcase classname="testnglearning8.testcase3" name="doLogin" time="0.0">
    <skipped/>
  </testcase> <!-- doLogin -->
  <testcase classname="testnglearning8.testcase3" name="isSkip" time="0.0">
    <skipped/>
  </testcase> <!-- isSkip -->
</testsuite> <!-- Dependency Test -->
